<?xml version="1.0" encoding="UTF-8"?>
<!-- Generated by org.testng.reporters.JUnitReportReporter -->
<testsuite skipped="0" hostname="DESKTOP-1F17QBA" name="org.example.TestSuit" tests="3" failures="0" timestamp="2022-01-15T14:58:24 GMT" time="25.101" errors="0">
  <testcase name="userIsAbleToNavigateToTheDesktopPage" time="6.104" classname="org.example.TestSuit"/>
  <system-out/>
  <testcase name="userShouldBeAbleToReferAProductToAFriend" time="11.237" classname="org.example.TestSuit"/>
  <system-out/>
  <testcase name="verifyUserShouldBeRegisteredSuccessfully" time="7.760" classname="org.example.TestSuit"/>
  <system-out/>
</testsuite> <!-- org.example.TestSuit -->
